I, [2019-05-30T19:08:04.150440 #50713]  INFO -- : 
Request: GET /tes
Handler: TestsController#index
Parameters: {}
Response: 200 [text/html] tests/index.html.erb

I, [2019-05-30T19:08:32.653554 #50713]  INFO -- : 
Request: GET /eee
Handler: TestsController#index
Parameters: {}
Response: 200 [text/html] tests/index.html.erb

I, [2019-05-30T19:08:58.111154 #50713]  INFO -- : 
Request: GET /ss
Handler: TestsController#index
Parameters: {}
Response: 200 [text/html] tests/index.html.erb

I, [2019-05-30T19:08:59.010246 #50713]  INFO -- : 
Request: GET /favicon.ico
Handler: TestsController#index
Parameters: {}
Response: 200 [text/html] tests/index.html.erb

I, [2019-05-30T19:09:05.065635 #50713]  INFO -- : 
Request: GET /ss/ss
Handler: TestsController#show
Parameters: {":id"=>"ss"}
Response: 200 [text/html] tests/show.html.erb

I, [2019-05-30T19:09:05.242732 #50713]  INFO -- : 
Request: GET /favicon.ico
Handler: TestsController#index
Parameters: {}
Response: 200 [text/html] tests/index.html.erb

I, [2019-05-30T19:09:09.368040 #50713]  INFO -- : 
Request: GET /favicon.ico
Handler: TestsController#index
Parameters: {}
Response: 200 [text/html] tests/index.html.erb

I, [2019-05-30T19:09:15.796414 #50713]  INFO -- : 
Request: GET /2
Handler: TestsController#index
Parameters: {}
Response: 200 [text/html] tests/index.html.erb

I, [2019-05-30T19:09:15.996265 #50713]  INFO -- : 
Request: GET /favicon.ico
Handler: TestsController#index
Parameters: {}
Response: 200 [text/html] tests/index.html.erb

I, [2019-05-30T19:09:40.802711 #50824]  INFO -- : 
Request: GET /2
Handler: TestsController#index
Parameters: {}
Response: 200 [text/html] tests/index.html.erb

I, [2019-05-30T19:09:40.994765 #50824]  INFO -- : 
Request: GET /favicon.ico
Handler: TestsController#index
Parameters: {}
Response: 200 [text/html] tests/index.html.erb

I, [2019-05-30T19:09:48.061671 #50824]  INFO -- : 
Request: GET /2sss/ss/sss//sss
Handler: NilClass#
Parameters: {}
Response: 404 [text/plain] 

I, [2019-05-30T19:09:48.220192 #50824]  INFO -- : 
Request: GET /favicon.ico
Handler: TestsController#index
Parameters: {}
Response: 200 [text/html] tests/index.html.erb

I, [2019-05-30T19:10:15.063308 #50824]  INFO -- : 
Request: GET /eee/eee/eee
Handler: NilClass#
Parameters: {}
Response: 404 [text/plain] 

I, [2019-05-30T19:10:32.720027 #50824]  INFO -- : 
Request: GET /2sss/ss/sss//sss
Handler: NilClass#
Parameters: {}
Response: 404 [text/plain] 

I, [2019-05-30T19:10:32.868516 #50824]  INFO -- : 
Request: GET /favicon.ico
Handler: TestsController#index
Parameters: {}
Response: 200 [text/html] tests/index.html.erb

I, [2019-05-30T19:10:57.487317 #50920]  INFO -- : 
Request: GET /favicon.ico
Handler: TestsController#index
Parameters: {}
Response: 200 [text/html] tests/index.html.erb

I, [2019-05-30T19:23:52.945741 #51500]  INFO -- : 
Request: GET /eee/eee/eee
Handler: NilClass#
Parameters: {}
Response: 404 [] 

I, [2019-05-30T19:23:59.668928 #51500]  INFO -- : 
Request: GET /2sss/ss/sss//sss
Handler: NilClass#
Parameters: {}
Response: 404 [] 

I, [2019-05-30T19:24:00.202080 #51500]  INFO -- : 
Request: GET /favicon.ico
Handler: TestsController#index
Parameters: {}
Response: 200 [text/html] tests/index.html.erb

I, [2019-05-30T20:46:19.263907 #51500]  INFO -- : 
Request: GET /2sss/ss/sss//sss
Handler: NilClass#
Parameters: {}
Response: 404 [] 

I, [2019-05-30T20:46:19.711205 #51500]  INFO -- : 
Request: GET /favicon.ico
Handler: TestsController#index
Parameters: {}
Response: 200 [text/html] tests/index.html.erb

I, [2019-05-30T20:46:31.503630 #51500]  INFO -- : 
Request: GET /tests/
Handler: TestsController#index
Parameters: {}
Response: 200 [text/html] tests/index.html.erb

I, [2019-05-30T20:46:31.671234 #51500]  INFO -- : 
Request: GET /favicon.ico
Handler: TestsController#index
Parameters: {}
Response: 200 [text/html] tests/index.html.erb

